2025-12-08 19:26:08,599 - aqt.main - INFO - installer 140031619308416 aqtinstall(aqt) v3.3.0 on Python 3.12.12 [CPython GCC 13.3.0]
2025-12-08 19:26:08,875 - aqt.main - INFO - installer 140697263737728 aqtinstall(aqt) v3.3.0 on Python 3.12.12 [CPython GCC 13.3.0]
2025-12-08 19:26:08,876 - aqt.helper - DEBUG - helper 140697263737728 Attempt to download checksum at https://download.qt.io/online/qtsdkrepository/linux_x64/desktop/qt6_672/Updates.xml.sha256
2025-12-08 19:26:10,923 - aqt.helper - DEBUG - helper 140268798966656 Attempt to download checksum at https://download.qt.io/online/qtsdkrepository/linux_x64/desktop/qt6_672/qt.qt6.672.linux_gcc_64/6.7.2-0-202406110334qtbase-Linux-RHEL_8_8-GCC-Linux-RHEL_8_8-X86_64.7z.sha256
2025-12-08 19:26:10,924 - aqt.helper - DEBUG - helper 140634714692480 Attempt to download checksum at https://download.qt.io/online/qtsdkrepository/linux_x64/desktop/qt6_672/qt.qt6.672.linux_gcc_64/6.7.2-0-202406110334qtsvg-Linux-RHEL_8_8-GCC-Linux-RHEL_8_8-X86_64.7z.sha256
2025-12-08 19:26:10,939 - aqt.helper - DEBUG - helper 139787084880768 Attempt to download checksum at https://download.qt.io/online/qtsdkrepository/linux_x64/desktop/qt6_672/qt.qt6.672.linux_gcc_64/6.7.2-0-202406110334qtdeclarative-Linux-RHEL_8_8-GCC-Linux-RHEL_8_8-X86_64.7z.sha256
2025-12-08 19:26:10,940 - aqt.helper - DEBUG - helper 140077964319616 Attempt to download checksum at https://download.qt.io/online/qtsdkrepository/linux_x64/desktop/qt6_672/qt.qt6.672.linux_gcc_64/6.7.2-0-202406110334qttools-Linux-RHEL_8_8-GCC-Linux-RHEL_8_8-X86_64.7z.sha256
2025-12-08 19:26:11,604 - aqt.helper - INFO - helper 140268798966656 Downloading qtbase...
2025-12-08 19:26:11,604 - aqt.installer - DEBUG - installer 140268798966656 Download URL: https://download.qt.io/online/qtsdkrepository/linux_x64/desktop/qt6_672/qt.qt6.672.linux_gcc_64/6.7.2-0-202406110334qtbase-Linux-RHEL_8_8-GCC-Linux-RHEL_8_8-X86_64.7z
2025-12-08 19:26:11,673 - aqt.helper - INFO - helper 140634714692480 Downloading qtsvg...
2025-12-08 19:26:11,674 - aqt.installer - DEBUG - installer 140634714692480 Download URL: https://download.qt.io/online/qtsdkrepository/linux_x64/desktop/qt6_672/qt.qt6.672.linux_gcc_64/6.7.2-0-202406110334qtsvg-Linux-RHEL_8_8-GCC-Linux-RHEL_8_8-X86_64.7z
2025-12-08 19:26:11,676 - aqt.helper - INFO - helper 140077964319616 Downloading qttools...
2025-12-08 19:26:11,677 - aqt.helper - INFO - helper 139787084880768 Downloading qtdeclarative...
2025-12-08 19:26:11,677 - aqt.installer - DEBUG - installer 140077964319616 Download URL: https://download.qt.io/online/qtsdkrepository/linux_x64/desktop/qt6_672/qt.qt6.672.linux_gcc_64/6.7.2-0-202406110334qttools-Linux-RHEL_8_8-GCC-Linux-RHEL_8_8-X86_64.7z
2025-12-08 19:26:11,678 - aqt.installer - DEBUG - installer 139787084880768 Download URL: https://download.qt.io/online/qtsdkrepository/linux_x64/desktop/qt6_672/qt.qt6.672.linux_gcc_64/6.7.2-0-202406110334qtdeclarative-Linux-RHEL_8_8-GCC-Linux-RHEL_8_8-X86_64.7z
2025-12-08 19:26:12,440 - aqt.helper - DEBUG - helper 140268798966656 Asked to redirect(302) to: https://qt.mirror.constant.com/online/qtsdkrepository/linux_x64/desktop/qt6_672/qt.qt6.672.linux_gcc_64/6.7.2-0-202406110334qtbase-Linux-RHEL_8_8-GCC-Linux-RHEL_8_8-X86_64.7z
2025-12-08 19:26:12,440 - aqt.helper - INFO - helper 140268798966656 Redirected: qt.mirror.constant.com
2025-12-08 19:26:12,446 - aqt.helper - DEBUG - helper 140077964319616 Asked to redirect(302) to: https://qt.mirror.constant.com/online/qtsdkrepository/linux_x64/desktop/qt6_672/qt.qt6.672.linux_gcc_64/6.7.2-0-202406110334qttools-Linux-RHEL_8_8-GCC-Linux-RHEL_8_8-X86_64.7z
2025-12-08 19:26:12,446 - aqt.helper - INFO - helper 140077964319616 Redirected: qt.mirror.constant.com
2025-12-08 19:26:12,458 - aqt.helper - DEBUG - helper 140634714692480 Asked to redirect(302) to: https://qt.mirror.constant.com/online/qtsdkrepository/linux_x64/desktop/qt6_672/qt.qt6.672.linux_gcc_64/6.7.2-0-202406110334qtsvg-Linux-RHEL_8_8-GCC-Linux-RHEL_8_8-X86_64.7z
2025-12-08 19:26:12,459 - aqt.helper - INFO - helper 140634714692480 Redirected: qt.mirror.constant.com
2025-12-08 19:26:13,157 - aqt.helper - DEBUG - helper 139787084880768 Asked to redirect(302) to: https://qt.mirror.constant.com/online/qtsdkrepository/linux_x64/desktop/qt6_672/qt.qt6.672.linux_gcc_64/6.7.2-0-202406110334qtdeclarative-Linux-RHEL_8_8-GCC-Linux-RHEL_8_8-X86_64.7z
2025-12-08 19:26:13,157 - aqt.helper - INFO - helper 139787084880768 Redirected: qt.mirror.constant.com
2025-12-08 19:26:13,160 - aqt.installer - INFO - installer 140634714692480 Finished installation of qtsvg-Linux-RHEL_8_8-GCC-Linux-RHEL_8_8-X86_64.7z in 2.23859311
2025-12-08 19:26:13,172 - aqt.helper - DEBUG - helper 140634714692480 Attempt to download checksum at https://download.qt.io/online/qtsdkrepository/linux_x64/desktop/qt6_672/qt.qt6.672.linux_gcc_64/6.7.2-0-202406110334qttranslations-Linux-RHEL_8_8-GCC-Linux-RHEL_8_8-X86_64.7z.sha256
2025-12-08 19:26:14,107 - aqt.helper - INFO - helper 140634714692480 Downloading qttranslations...
2025-12-08 19:26:14,107 - aqt.installer - DEBUG - installer 140634714692480 Download URL: https://download.qt.io/online/qtsdkrepository/linux_x64/desktop/qt6_672/qt.qt6.672.linux_gcc_64/6.7.2-0-202406110334qttranslations-Linux-RHEL_8_8-GCC-Linux-RHEL_8_8-X86_64.7z
2025-12-08 19:26:14,933 - aqt.helper - DEBUG - helper 140634714692480 Asked to redirect(302) to: https://qt.mirror.constant.com/online/qtsdkrepository/linux_x64/desktop/qt6_672/qt.qt6.672.linux_gcc_64/6.7.2-0-202406110334qttranslations-Linux-RHEL_8_8-GCC-Linux-RHEL_8_8-X86_64.7z
2025-12-08 19:26:14,933 - aqt.helper - INFO - helper 140634714692480 Redirected: qt.mirror.constant.com
2025-12-08 19:26:15,974 - aqt.installer - INFO - installer 140634714692480 Finished installation of qttranslations-Linux-RHEL_8_8-GCC-Linux-RHEL_8_8-X86_64.7z in 2.80338617
2025-12-08 19:26:15,992 - aqt.helper - DEBUG - helper 140634714692480 Attempt to download checksum at https://download.qt.io/online/qtsdkrepository/linux_x64/desktop/qt6_672/qt.qt6.672.linux_gcc_64/6.7.2-0-202406110334qtwayland-Linux-RHEL_8_8-GCC-Linux-RHEL_8_8-X86_64.7z.sha256
2025-12-08 19:26:16,521 - aqt.installer - INFO - installer 140077964319616 Finished installation of qttools-Linux-RHEL_8_8-GCC-Linux-RHEL_8_8-X86_64.7z in 5.58427770
2025-12-08 19:26:16,536 - aqt.helper - DEBUG - helper 140077964319616 Attempt to download checksum at https://download.qt.io/online/qtsdkrepository/linux_x64/desktop/qt6_672/qt.qt6.672.linux_gcc_64/6.7.2-0-202406110334icu-linux-Rhel8.6-x86_64.7z.sha256
2025-12-08 19:26:16,982 - aqt.installer - INFO - installer 140268798966656 Finished installation of qtbase-Linux-RHEL_8_8-GCC-Linux-RHEL_8_8-X86_64.7z in 6.06156101
2025-12-08 19:26:16,995 - aqt.helper - INFO - helper 140634714692480 Downloading qtwayland...
2025-12-08 19:26:16,996 - aqt.installer - DEBUG - installer 140634714692480 Download URL: https://download.qt.io/online/qtsdkrepository/linux_x64/desktop/qt6_672/qt.qt6.672.linux_gcc_64/6.7.2-0-202406110334qtwayland-Linux-RHEL_8_8-GCC-Linux-RHEL_8_8-X86_64.7z
2025-12-08 19:26:17,211 - aqt.helper - INFO - helper 140077964319616 Downloading icu...
2025-12-08 19:26:17,212 - aqt.installer - DEBUG - installer 140077964319616 Download URL: https://download.qt.io/online/qtsdkrepository/linux_x64/desktop/qt6_672/qt.qt6.672.linux_gcc_64/6.7.2-0-202406110334icu-linux-Rhel8.6-x86_64.7z
2025-12-08 19:26:17,741 - aqt.helper - DEBUG - helper 140634714692480 Asked to redirect(302) to: https://qt.mirror.constant.com/online/qtsdkrepository/linux_x64/desktop/qt6_672/qt.qt6.672.linux_gcc_64/6.7.2-0-202406110334qtwayland-Linux-RHEL_8_8-GCC-Linux-RHEL_8_8-X86_64.7z
2025-12-08 19:26:17,741 - aqt.helper - INFO - helper 140634714692480 Redirected: qt.mirror.constant.com
2025-12-08 19:26:17,939 - aqt.helper - DEBUG - helper 140077964319616 Asked to redirect(302) to: https://qt.mirror.constant.com/online/qtsdkrepository/linux_x64/desktop/qt6_672/qt.qt6.672.linux_gcc_64/6.7.2-0-202406110334icu-linux-Rhel8.6-x86_64.7z
2025-12-08 19:26:17,940 - aqt.helper - INFO - helper 140077964319616 Redirected: qt.mirror.constant.com
2025-12-08 19:26:18,530 - aqt.installer - INFO - installer 140634714692480 Finished installation of qtwayland-Linux-RHEL_8_8-GCC-Linux-RHEL_8_8-X86_64.7z in 2.54003709
2025-12-08 19:26:19,520 - aqt.installer - INFO - installer 140077964319616 Finished installation of icu-linux-Rhel8.6-x86_64.7z in 2.98550888
2025-12-08 19:26:25,564 - aqt.installer - INFO - installer 139787084880768 Finished installation of qtdeclarative-Linux-RHEL_8_8-GCC-Linux-RHEL_8_8-X86_64.7z in 14.62682870
2025-12-08 19:26:25,659 - aqt.updater - INFO - updater 140697263737728 Patching /home/runner/work/WhiskerToolbox/Qt/6.7.2/gcc_64/bin/qmake
2025-12-08 19:26:25,663 - aqt.updater - INFO - updater 140697263737728 Patching /home/runner/work/WhiskerToolbox/Qt/6.7.2/gcc_64/lib/pkgconfig/Qt6Sql.pc
2025-12-08 19:26:25,663 - aqt.updater - INFO - updater 140697263737728 Patching /home/runner/work/WhiskerToolbox/Qt/6.7.2/gcc_64/lib/pkgconfig/Qt6Core.pc
2025-12-08 19:26:25,663 - aqt.updater - INFO - updater 140697263737728 Patching /home/runner/work/WhiskerToolbox/Qt/6.7.2/gcc_64/lib/pkgconfig/Qt6SvgWidgets.pc
2025-12-08 19:26:25,663 - aqt.updater - INFO - updater 140697263737728 Patching /home/runner/work/WhiskerToolbox/Qt/6.7.2/gcc_64/lib/pkgconfig/Qt6DBus.pc
2025-12-08 19:26:25,664 - aqt.updater - INFO - updater 140697263737728 Patching /home/runner/work/WhiskerToolbox/Qt/6.7.2/gcc_64/lib/pkgconfig/Qt6Platform.pc
2025-12-08 19:26:25,664 - aqt.updater - INFO - updater 140697263737728 Patching /home/runner/work/WhiskerToolbox/Qt/6.7.2/gcc_64/lib/pkgconfig/Qt6Qml.pc
2025-12-08 19:26:25,664 - aqt.updater - INFO - updater 140697263737728 Patching /home/runner/work/WhiskerToolbox/Qt/6.7.2/gcc_64/lib/pkgconfig/Qt6UiPlugin.pc
2025-12-08 19:26:25,664 - aqt.updater - INFO - updater 140697263737728 Patching /home/runner/work/WhiskerToolbox/Qt/6.7.2/gcc_64/lib/pkgconfig/Qt6QuickControls2UniversalStyleImpl.pc
2025-12-08 19:26:25,665 - aqt.updater - INFO - updater 140697263737728 Patching /home/runner/work/WhiskerToolbox/Qt/6.7.2/gcc_64/lib/pkgconfig/Qt6QuickControls2BasicStyleImpl.pc
2025-12-08 19:26:25,665 - aqt.updater - INFO - updater 140697263737728 Patching /home/runner/work/WhiskerToolbox/Qt/6.7.2/gcc_64/lib/pkgconfig/Qt6QuickControls2.pc
2025-12-08 19:26:25,665 - aqt.updater - INFO - updater 140697263737728 Patching /home/runner/work/WhiskerToolbox/Qt/6.7.2/gcc_64/lib/pkgconfig/Qt6QuickControls2Fusion.pc
2025-12-08 19:26:25,665 - aqt.updater - INFO - updater 140697263737728 Patching /home/runner/work/WhiskerToolbox/Qt/6.7.2/gcc_64/lib/pkgconfig/Qt6Network.pc
2025-12-08 19:26:25,666 - aqt.updater - INFO - updater 140697263737728 Patching /home/runner/work/WhiskerToolbox/Qt/6.7.2/gcc_64/lib/pkgconfig/Qt6Help.pc
2025-12-08 19:26:25,666 - aqt.updater - INFO - updater 140697263737728 Patching /home/runner/work/WhiskerToolbox/Qt/6.7.2/gcc_64/lib/pkgconfig/Qt6LabsWavefrontMesh.pc
2025-12-08 19:26:25,666 - aqt.updater - INFO - updater 140697263737728 Patching /home/runner/work/WhiskerToolbox/Qt/6.7.2/gcc_64/lib/pkgconfig/Qt6QuickWidgets.pc
2025-12-08 19:26:25,666 - aqt.updater - INFO - updater 140697263737728 Patching /home/runner/work/WhiskerToolbox/Qt/6.7.2/gcc_64/lib/pkgconfig/Qt6QuickDialogs2.pc
2025-12-08 19:26:25,667 - aqt.updater - INFO - updater 140697263737728 Patching /home/runner/work/WhiskerToolbox/Qt/6.7.2/gcc_64/lib/pkgconfig/Qt6QuickControls2Material.pc
2025-12-08 19:26:25,667 - aqt.updater - INFO - updater 140697263737728 Patching /home/runner/work/WhiskerToolbox/Qt/6.7.2/gcc_64/lib/pkgconfig/Qt6Xml.pc
2025-12-08 19:26:25,667 - aqt.updater - INFO - updater 140697263737728 Patching /home/runner/work/WhiskerToolbox/Qt/6.7.2/gcc_64/lib/pkgconfig/Qt6QuickTemplates2.pc
2025-12-08 19:26:25,667 - aqt.updater - INFO - updater 140697263737728 Patching /home/runner/work/WhiskerToolbox/Qt/6.7.2/gcc_64/lib/pkgconfig/Qt6UiTools.pc
2025-12-08 19:26:25,668 - aqt.updater - INFO - updater 140697263737728 Patching /home/runner/work/WhiskerToolbox/Qt/6.7.2/gcc_64/lib/pkgconfig/Qt6Gui.pc
2025-12-08 19:26:25,668 - aqt.updater - INFO - updater 140697263737728 Patching /home/runner/work/WhiskerToolbox/Qt/6.7.2/gcc_64/lib/pkgconfig/Qt6QmlBuiltins.pc
2025-12-08 19:26:25,668 - aqt.updater - INFO - updater 140697263737728 Patching /home/runner/work/WhiskerToolbox/Qt/6.7.2/gcc_64/lib/pkgconfig/Qt6Designer.pc
2025-12-08 19:26:25,668 - aqt.updater - INFO - updater 140697263737728 Patching /home/runner/work/WhiskerToolbox/Qt/6.7.2/gcc_64/lib/pkgconfig/Qt6QuickLayouts.pc
2025-12-08 19:26:25,669 - aqt.updater - INFO - updater 140697263737728 Patching /home/runner/work/WhiskerToolbox/Qt/6.7.2/gcc_64/lib/pkgconfig/Qt6QmlIntegration.pc
2025-12-08 19:26:25,669 - aqt.updater - INFO - updater 140697263737728 Patching /home/runner/work/WhiskerToolbox/Qt/6.7.2/gcc_64/lib/pkgconfig/Qt6PrintSupport.pc
2025-12-08 19:26:25,669 - aqt.updater - INFO - updater 140697263737728 Patching /home/runner/work/WhiskerToolbox/Qt/6.7.2/gcc_64/lib/pkgconfig/Qt6LabsAnimation.pc
2025-12-08 19:26:25,669 - aqt.updater - INFO - updater 140697263737728 Patching /home/runner/work/WhiskerToolbox/Qt/6.7.2/gcc_64/lib/pkgconfig/Qt6LabsSettings.pc
2025-12-08 19:26:25,669 - aqt.updater - INFO - updater 140697263737728 Patching /home/runner/work/WhiskerToolbox/Qt/6.7.2/gcc_64/lib/pkgconfig/Qt6QuickControls2Universal.pc
2025-12-08 19:26:25,670 - aqt.updater - INFO - updater 140697263737728 Patching /home/runner/work/WhiskerToolbox/Qt/6.7.2/gcc_64/lib/pkgconfig/Qt6Linguist.pc
2025-12-08 19:26:25,670 - aqt.updater - INFO - updater 140697263737728 Patching /home/runner/work/WhiskerToolbox/Qt/6.7.2/gcc_64/lib/pkgconfig/Qt6QmlNetwork.pc
2025-12-08 19:26:25,670 - aqt.updater - INFO - updater 140697263737728 Patching /home/runner/work/WhiskerToolbox/Qt/6.7.2/gcc_64/lib/pkgconfig/Qt6LabsFolderListModel.pc
2025-12-08 19:26:25,670 - aqt.updater - INFO - updater 140697263737728 Patching /home/runner/work/WhiskerToolbox/Qt/6.7.2/gcc_64/lib/pkgconfig/Qt6QmlXmlListModel.pc
2025-12-08 19:26:25,671 - aqt.updater - INFO - updater 140697263737728 Patching /home/runner/work/WhiskerToolbox/Qt/6.7.2/gcc_64/lib/pkgconfig/Qt6Concurrent.pc
2025-12-08 19:26:25,671 - aqt.updater - INFO - updater 140697263737728 Patching /home/runner/work/WhiskerToolbox/Qt/6.7.2/gcc_64/lib/pkgconfig/Qt6OpenGL.pc
2025-12-08 19:26:25,671 - aqt.updater - INFO - updater 140697263737728 Patching /home/runner/work/WhiskerToolbox/Qt/6.7.2/gcc_64/lib/pkgconfig/Qt6LabsQmlModels.pc
2025-12-08 19:26:25,671 - aqt.updater - INFO - updater 140697263737728 Patching /home/runner/work/WhiskerToolbox/Qt/6.7.2/gcc_64/lib/pkgconfig/Qt6QuickControls2Imagine.pc
2025-12-08 19:26:25,671 - aqt.updater - INFO - updater 140697263737728 Patching /home/runner/work/WhiskerToolbox/Qt/6.7.2/gcc_64/lib/pkgconfig/Qt6WaylandClient.pc
2025-12-08 19:26:25,672 - aqt.updater - INFO - updater 140697263737728 Patching /home/runner/work/WhiskerToolbox/Qt/6.7.2/gcc_64/lib/pkgconfig/Qt6Svg.pc
2025-12-08 19:26:25,672 - aqt.updater - INFO - updater 140697263737728 Patching /home/runner/work/WhiskerToolbox/Qt/6.7.2/gcc_64/lib/pkgconfig/Qt6QuickControls2MaterialStyleImpl.pc
2025-12-08 19:26:25,672 - aqt.updater - INFO - updater 140697263737728 Patching /home/runner/work/WhiskerToolbox/Qt/6.7.2/gcc_64/lib/pkgconfig/Qt6Test.pc
2025-12-08 19:26:25,672 - aqt.updater - INFO - updater 140697263737728 Patching /home/runner/work/WhiskerToolbox/Qt/6.7.2/gcc_64/lib/pkgconfig/Qt6Quick.pc
2025-12-08 19:26:25,673 - aqt.updater - INFO - updater 140697263737728 Patching /home/runner/work/WhiskerToolbox/Qt/6.7.2/gcc_64/lib/pkgconfig/Qt6QmlLocalStorage.pc
2025-12-08 19:26:25,673 - aqt.updater - INFO - updater 140697263737728 Patching /home/runner/work/WhiskerToolbox/Qt/6.7.2/gcc_64/lib/pkgconfig/Qt6Widgets.pc
2025-12-08 19:26:25,673 - aqt.updater - INFO - updater 140697263737728 Patching /home/runner/work/WhiskerToolbox/Qt/6.7.2/gcc_64/lib/pkgconfig/Qt6QmlCore.pc
2025-12-08 19:26:25,673 - aqt.updater - INFO - updater 140697263737728 Patching /home/runner/work/WhiskerToolbox/Qt/6.7.2/gcc_64/lib/pkgconfig/Qt6LabsSharedImage.pc
2025-12-08 19:26:25,674 - aqt.updater - INFO - updater 140697263737728 Patching /home/runner/work/WhiskerToolbox/Qt/6.7.2/gcc_64/lib/pkgconfig/Qt6OpenGLWidgets.pc
2025-12-08 19:26:25,674 - aqt.updater - INFO - updater 140697263737728 Patching /home/runner/work/WhiskerToolbox/Qt/6.7.2/gcc_64/lib/pkgconfig/Qt6QuickControls2Impl.pc
2025-12-08 19:26:25,674 - aqt.updater - INFO - updater 140697263737728 Patching /home/runner/work/WhiskerToolbox/Qt/6.7.2/gcc_64/lib/pkgconfig/Qt6QmlCompiler.pc
2025-12-08 19:26:25,674 - aqt.updater - INFO - updater 140697263737728 Patching /home/runner/work/WhiskerToolbox/Qt/6.7.2/gcc_64/lib/pkgconfig/Qt6QuickDialogs2Utils.pc
2025-12-08 19:26:25,675 - aqt.updater - INFO - updater 140697263737728 Patching /home/runner/work/WhiskerToolbox/Qt/6.7.2/gcc_64/lib/pkgconfig/Qt6QuickDialogs2QuickImpl.pc
2025-12-08 19:26:25,675 - aqt.updater - INFO - updater 140697263737728 Patching /home/runner/work/WhiskerToolbox/Qt/6.7.2/gcc_64/lib/pkgconfig/Qt6QuickControls2Basic.pc
2025-12-08 19:26:25,675 - aqt.updater - INFO - updater 140697263737728 Patching /home/runner/work/WhiskerToolbox/Qt/6.7.2/gcc_64/lib/pkgconfig/Qt6QuickControls2FusionStyleImpl.pc
2025-12-08 19:26:25,675 - aqt.updater - INFO - updater 140697263737728 Patching /home/runner/work/WhiskerToolbox/Qt/6.7.2/gcc_64/lib/pkgconfig/Qt6QmlWorkerScript.pc
2025-12-08 19:26:25,675 - aqt.updater - INFO - updater 140697263737728 Patching /home/runner/work/WhiskerToolbox/Qt/6.7.2/gcc_64/lib/pkgconfig/Qt6QuickTest.pc
2025-12-08 19:26:25,676 - aqt.updater - INFO - updater 140697263737728 Patching /home/runner/work/WhiskerToolbox/Qt/6.7.2/gcc_64/lib/pkgconfig/Qt6QuickControls2ImagineStyleImpl.pc
2025-12-08 19:26:25,676 - aqt.updater - INFO - updater 140697263737728 Patching /home/runner/work/WhiskerToolbox/Qt/6.7.2/gcc_64/lib/pkgconfig/Qt6QmlModels.pc
2025-12-08 19:26:25,677 - aqt.updater - INFO - updater 140697263737728 Patching /home/runner/work/WhiskerToolbox/Qt/6.7.2/gcc_64/lib/libQt6Svg.prl
2025-12-08 19:26:25,677 - aqt.updater - INFO - updater 140697263737728 Patching /home/runner/work/WhiskerToolbox/Qt/6.7.2/gcc_64/lib/libQt6OpenGL.prl
2025-12-08 19:26:25,677 - aqt.updater - INFO - updater 140697263737728 Patching /home/runner/work/WhiskerToolbox/Qt/6.7.2/gcc_64/lib/libQt6QmlLocalStorage.prl
2025-12-08 19:26:25,678 - aqt.updater - INFO - updater 140697263737728 Patching /home/runner/work/WhiskerToolbox/Qt/6.7.2/gcc_64/lib/libQt6QuickEffects.prl
2025-12-08 19:26:25,678 - aqt.updater - INFO - updater 140697263737728 Patching /home/runner/work/WhiskerToolbox/Qt/6.7.2/gcc_64/lib/libQt6Gui.prl
2025-12-08 19:26:25,678 - aqt.updater - INFO - updater 140697263737728 Patching /home/runner/work/WhiskerToolbox/Qt/6.7.2/gcc_64/lib/libQt6Network.prl
2025-12-08 19:26:25,678 - aqt.updater - INFO - updater 140697263737728 Patching /home/runner/work/WhiskerToolbox/Qt/6.7.2/gcc_64/lib/libQt6WaylandEglClientHwIntegration.prl
2025-12-08 19:26:25,679 - aqt.updater - INFO - updater 140697263737728 Patching /home/runner/work/WhiskerToolbox/Qt/6.7.2/gcc_64/lib/libQt6Quick.prl
2025-12-08 19:26:25,679 - aqt.updater - INFO - updater 140697263737728 Patching /home/runner/work/WhiskerToolbox/Qt/6.7.2/gcc_64/lib/libQt6QuickControls2.prl
2025-12-08 19:26:25,679 - aqt.updater - INFO - updater 140697263737728 Patching /home/runner/work/WhiskerToolbox/Qt/6.7.2/gcc_64/lib/libQt6QuickControls2BasicStyleImpl.prl
2025-12-08 19:26:25,679 - aqt.updater - INFO - updater 140697263737728 Patching /home/runner/work/WhiskerToolbox/Qt/6.7.2/gcc_64/lib/libQt6QmlNetwork.prl
2025-12-08 19:26:25,680 - aqt.updater - INFO - updater 140697263737728 Patching /home/runner/work/WhiskerToolbox/Qt/6.7.2/gcc_64/lib/libQt6ExampleIcons.prl
2025-12-08 19:26:25,680 - aqt.updater - INFO - updater 140697263737728 Patching /home/runner/work/WhiskerToolbox/Qt/6.7.2/gcc_64/lib/libQt6WlShellIntegration.prl
2025-12-08 19:26:25,680 - aqt.updater - INFO - updater 140697263737728 Patching /home/runner/work/WhiskerToolbox/Qt/6.7.2/gcc_64/lib/libQt6QmlBuiltins.prl
2025-12-08 19:26:25,680 - aqt.updater - INFO - updater 140697263737728 Patching /home/runner/work/WhiskerToolbox/Qt/6.7.2/gcc_64/lib/libQt6LabsQmlModels.prl
2025-12-08 19:26:25,680 - aqt.updater - INFO - updater 140697263737728 Patching /home/runner/work/WhiskerToolbox/Qt/6.7.2/gcc_64/lib/libQt6QuickDialogs2.prl
2025-12-08 19:26:25,681 - aqt.updater - INFO - updater 140697263737728 Patching /home/runner/work/WhiskerToolbox/Qt/6.7.2/gcc_64/lib/libQt6DesignerComponents.prl
2025-12-08 19:26:25,681 - aqt.updater - INFO - updater 140697263737728 Patching /home/runner/work/WhiskerToolbox/Qt/6.7.2/gcc_64/lib/libQt6FbSupport.prl
2025-12-08 19:26:25,681 - aqt.updater - INFO - updater 140697263737728 Patching /home/runner/work/WhiskerToolbox/Qt/6.7.2/gcc_64/lib/libQt6SvgWidgets.prl
2025-12-08 19:26:25,681 - aqt.updater - INFO - updater 140697263737728 Patching /home/runner/work/WhiskerToolbox/Qt/6.7.2/gcc_64/lib/libQt6QuickWidgets.prl
2025-12-08 19:26:25,682 - aqt.updater - INFO - updater 140697263737728 Patching /home/runner/work/WhiskerToolbox/Qt/6.7.2/gcc_64/lib/libQt6QmlWorkerScript.prl
2025-12-08 19:26:25,682 - aqt.updater - INFO - updater 140697263737728 Patching /home/runner/work/WhiskerToolbox/Qt/6.7.2/gcc_64/lib/libQt6LabsFolderListModel.prl
2025-12-08 19:26:25,682 - aqt.updater - INFO - updater 140697263737728 Patching /home/runner/work/WhiskerToolbox/Qt/6.7.2/gcc_64/lib/libQt6QuickDialogs2Utils.prl
2025-12-08 19:26:25,682 - aqt.updater - INFO - updater 140697263737728 Patching /home/runner/work/WhiskerToolbox/Qt/6.7.2/gcc_64/lib/libQt6QuickControls2ImagineStyleImpl.prl
2025-12-08 19:26:25,683 - aqt.updater - INFO - updater 140697263737728 Patching /home/runner/work/WhiskerToolbox/Qt/6.7.2/gcc_64/lib/libQt6QmlToolingSettings.prl
2025-12-08 19:26:25,683 - aqt.updater - INFO - updater 140697263737728 Patching /home/runner/work/WhiskerToolbox/Qt/6.7.2/gcc_64/lib/libQt6QmlLS.prl
2025-12-08 19:26:25,683 - aqt.updater - INFO - updater 140697263737728 Patching /home/runner/work/WhiskerToolbox/Qt/6.7.2/gcc_64/lib/libQt6QuickTest.prl
2025-12-08 19:26:25,683 - aqt.updater - INFO - updater 140697263737728 Patching /home/runner/work/WhiskerToolbox/Qt/6.7.2/gcc_64/lib/libQt6QuickControlsTestUtils.prl
2025-12-08 19:26:25,683 - aqt.updater - INFO - updater 140697263737728 Patching /home/runner/work/WhiskerToolbox/Qt/6.7.2/gcc_64/lib/libQt6Concurrent.prl
2025-12-08 19:26:25,684 - aqt.updater - INFO - updater 140697263737728 Patching /home/runner/work/WhiskerToolbox/Qt/6.7.2/gcc_64/lib/libQt6KmsSupport.prl
2025-12-08 19:26:25,684 - aqt.updater - INFO - updater 140697263737728 Patching /home/runner/work/WhiskerToolbox/Qt/6.7.2/gcc_64/lib/libQt6QuickControls2MaterialStyleImpl.prl
2025-12-08 19:26:25,684 - aqt.updater - INFO - updater 140697263737728 Patching /home/runner/work/WhiskerToolbox/Qt/6.7.2/gcc_64/lib/libQt6Help.prl
2025-12-08 19:26:25,684 - aqt.updater - INFO - updater 140697263737728 Patching /home/runner/work/WhiskerToolbox/Qt/6.7.2/gcc_64/lib/libQt6Xml.prl
2025-12-08 19:26:25,685 - aqt.updater - INFO - updater 140697263737728 Patching /home/runner/work/WhiskerToolbox/Qt/6.7.2/gcc_64/lib/libQt6EglFsKmsGbmSupport.prl
2025-12-08 19:26:25,685 - aqt.updater - INFO - updater 140697263737728 Patching /home/runner/work/WhiskerToolbox/Qt/6.7.2/gcc_64/lib/libQt6DBus.prl
2025-12-08 19:26:25,685 - aqt.updater - INFO - updater 140697263737728 Patching /home/runner/work/WhiskerToolbox/Qt/6.7.2/gcc_64/lib/libQt6QuickDialogs2QuickImpl.prl
2025-12-08 19:26:25,685 - aqt.updater - INFO - updater 140697263737728 Patching /home/runner/work/WhiskerToolbox/Qt/6.7.2/gcc_64/lib/libQt6EglFSDeviceIntegration.prl
2025-12-08 19:26:25,686 - aqt.updater - INFO - updater 140697263737728 Patching /home/runner/work/WhiskerToolbox/Qt/6.7.2/gcc_64/lib/libQt6InputSupport.prl
2025-12-08 19:26:25,686 - aqt.updater - INFO - updater 140697263737728 Patching /home/runner/work/WhiskerToolbox/Qt/6.7.2/gcc_64/lib/libQt6Widgets.prl
2025-12-08 19:26:25,686 - aqt.updater - INFO - updater 140697263737728 Patching /home/runner/work/WhiskerToolbox/Qt/6.7.2/gcc_64/lib/libQt6Sql.prl
2025-12-08 19:26:25,686 - aqt.updater - INFO - updater 140697263737728 Patching /home/runner/work/WhiskerToolbox/Qt/6.7.2/gcc_64/lib/libQt6QuickTestUtils.prl
2025-12-08 19:26:25,686 - aqt.updater - INFO - updater 140697263737728 Patching /home/runner/work/WhiskerToolbox/Qt/6.7.2/gcc_64/lib/libQt6QmlModels.prl
2025-12-08 19:26:25,687 - aqt.updater - INFO - updater 140697263737728 Patching /home/runner/work/WhiskerToolbox/Qt/6.7.2/gcc_64/lib/libQt6QuickControls2Basic.prl
2025-12-08 19:26:25,687 - aqt.updater - INFO - updater 140697263737728 Patching /home/runner/work/WhiskerToolbox/Qt/6.7.2/gcc_64/lib/libQt6QuickTemplates2.prl
2025-12-08 19:26:25,687 - aqt.updater - INFO - updater 140697263737728 Patching /home/runner/work/WhiskerToolbox/Qt/6.7.2/gcc_64/lib/libQt6UiTools.prl
2025-12-08 19:26:25,687 - aqt.updater - INFO - updater 140697263737728 Patching /home/runner/work/WhiskerToolbox/Qt/6.7.2/gcc_64/lib/libQt6QmlDebug.prl
2025-12-08 19:26:25,688 - aqt.updater - INFO - updater 140697263737728 Patching /home/runner/work/WhiskerToolbox/Qt/6.7.2/gcc_64/lib/libQt6QuickControls2Imagine.prl
2025-12-08 19:26:25,688 - aqt.updater - INFO - updater 140697263737728 Patching /home/runner/work/WhiskerToolbox/Qt/6.7.2/gcc_64/lib/libQt6WaylandClient.prl
2025-12-08 19:26:25,688 - aqt.updater - INFO - updater 140697263737728 Patching /home/runner/work/WhiskerToolbox/Qt/6.7.2/gcc_64/lib/libQt6PacketProtocol.prl
2025-12-08 19:26:25,688 - aqt.updater - INFO - updater 140697263737728 Patching /home/runner/work/WhiskerToolbox/Qt/6.7.2/gcc_64/lib/libQt6OpenGLWidgets.prl
2025-12-08 19:26:25,688 - aqt.updater - INFO - updater 140697263737728 Patching /home/runner/work/WhiskerToolbox/Qt/6.7.2/gcc_64/lib/libQt6Core.prl
2025-12-08 19:26:25,689 - aqt.updater - INFO - updater 140697263737728 Patching /home/runner/work/WhiskerToolbox/Qt/6.7.2/gcc_64/lib/libQt6QuickControls2FusionStyleImpl.prl
2025-12-08 19:26:25,689 - aqt.updater - INFO - updater 140697263737728 Patching /home/runner/work/WhiskerToolbox/Qt/6.7.2/gcc_64/lib/libQt6LabsSettings.prl
2025-12-08 19:26:25,689 - aqt.updater - INFO - updater 140697263737728 Patching /home/runner/work/WhiskerToolbox/Qt/6.7.2/gcc_64/lib/libQt6QmlDom.prl
2025-12-08 19:26:25,689 - aqt.updater - INFO - updater 140697263737728 Patching /home/runner/work/WhiskerToolbox/Qt/6.7.2/gcc_64/lib/libQt6Qml.prl
2025-12-08 19:26:25,690 - aqt.updater - INFO - updater 140697263737728 Patching /home/runner/work/WhiskerToolbox/Qt/6.7.2/gcc_64/lib/libQt6QuickControls2UniversalStyleImpl.prl
2025-12-08 19:26:25,690 - aqt.updater - INFO - updater 140697263737728 Patching /home/runner/work/WhiskerToolbox/Qt/6.7.2/gcc_64/lib/libQt6QuickLayouts.prl
2025-12-08 19:26:25,690 - aqt.updater - INFO - updater 140697263737728 Patching /home/runner/work/WhiskerToolbox/Qt/6.7.2/gcc_64/lib/libQt6QuickControls2Impl.prl
2025-12-08 19:26:25,690 - aqt.updater - INFO - updater 140697263737728 Patching /home/runner/work/WhiskerToolbox/Qt/6.7.2/gcc_64/lib/libQt6XcbQpa.prl
2025-12-08 19:26:25,691 - aqt.updater - INFO - updater 140697263737728 Patching /home/runner/work/WhiskerToolbox/Qt/6.7.2/gcc_64/lib/libQt6QuickShapes.prl
2025-12-08 19:26:25,691 - aqt.updater - INFO - updater 140697263737728 Patching /home/runner/work/WhiskerToolbox/Qt/6.7.2/gcc_64/lib/libQt6DeviceDiscoverySupport.prl
2025-12-08 19:26:25,691 - aqt.updater - INFO - updater 140697263737728 Patching /home/runner/work/WhiskerToolbox/Qt/6.7.2/gcc_64/lib/libQt6QmlCompiler.prl
2025-12-08 19:26:25,691 - aqt.updater - INFO - updater 140697263737728 Patching /home/runner/work/WhiskerToolbox/Qt/6.7.2/gcc_64/lib/libQt6QuickParticles.prl
2025-12-08 19:26:25,691 - aqt.updater - INFO - updater 140697263737728 Patching /home/runner/work/WhiskerToolbox/Qt/6.7.2/gcc_64/lib/libQt6QuickControls2Universal.prl
2025-12-08 19:26:25,692 - aqt.updater - INFO - updater 140697263737728 Patching /home/runner/work/WhiskerToolbox/Qt/6.7.2/gcc_64/lib/libQt6LabsWavefrontMesh.prl
2025-12-08 19:26:25,692 - aqt.updater - INFO - updater 140697263737728 Patching /home/runner/work/WhiskerToolbox/Qt/6.7.2/gcc_64/lib/libQt6QmlXmlListModel.prl
2025-12-08 19:26:25,692 - aqt.updater - INFO - updater 140697263737728 Patching /home/runner/work/WhiskerToolbox/Qt/6.7.2/gcc_64/lib/libQt6EglFsKmsSupport.prl
2025-12-08 19:26:25,692 - aqt.updater - INFO - updater 140697263737728 Patching /home/runner/work/WhiskerToolbox/Qt/6.7.2/gcc_64/lib/libQt6LabsSharedImage.prl
2025-12-08 19:26:25,693 - aqt.updater - INFO - updater 140697263737728 Patching /home/runner/work/WhiskerToolbox/Qt/6.7.2/gcc_64/lib/libQt6PrintSupport.prl
2025-12-08 19:26:25,693 - aqt.updater - INFO - updater 140697263737728 Patching /home/runner/work/WhiskerToolbox/Qt/6.7.2/gcc_64/lib/libQt6QuickControls2Fusion.prl
2025-12-08 19:26:25,693 - aqt.updater - INFO - updater 140697263737728 Patching /home/runner/work/WhiskerToolbox/Qt/6.7.2/gcc_64/lib/libQt6Designer.prl
2025-12-08 19:26:25,693 - aqt.updater - INFO - updater 140697263737728 Patching /home/runner/work/WhiskerToolbox/Qt/6.7.2/gcc_64/lib/libQt6QmlTypeRegistrar.prl
2025-12-08 19:26:25,694 - aqt.updater - INFO - updater 140697263737728 Patching /home/runner/work/WhiskerToolbox/Qt/6.7.2/gcc_64/lib/libQt6LabsAnimation.prl
2025-12-08 19:26:25,694 - aqt.updater - INFO - updater 140697263737728 Patching /home/runner/work/WhiskerToolbox/Qt/6.7.2/gcc_64/lib/libQt6QuickControls2Material.prl
2025-12-08 19:26:25,694 - aqt.updater - INFO - updater 140697263737728 Patching /home/runner/work/WhiskerToolbox/Qt/6.7.2/gcc_64/lib/libQt6QmlCore.prl
2025-12-08 19:26:25,694 - aqt.updater - INFO - updater 140697263737728 Patching /home/runner/work/WhiskerToolbox/Qt/6.7.2/gcc_64/lib/libQt6Test.prl
2025-12-08 19:26:25,694 - aqt.main - INFO - installer 140697263737728 Finished installation
2025-12-08 19:26:25,695 - aqt.main - INFO - installer 140697263737728 Time elapsed: 16.81970607 second
